<?xml version="1.0" encoding="UTF-8"?>
<testsuite name="com.olafur16.tictactoe.TicTacToeTest" tests="1" skipped="0" failures="0" errors="0" timestamp="2016-10-24T01:43:12" hostname="DESKTOP-K6MP23T" time="0.003">
  <properties/>
  <testcase name="testString" classname="com.olafur16.tictactoe.TicTacToeTest" time="0.003"/>
  <system-out><![CDATA[]]></system-out>
  <system-err><![CDATA[]]></system-err>
</testsuite>
